[lindell.me/JsBarcode/generator/index.html]
[backblue.gif]
[fade.gif]
[index.html]
[maxcdn.bootstrapcdn.com/font-awesome/4.2.0/css/font-awesome.min.css]
[maxcdn.bootstrapcdn.com/bootstrap/3.3.1/css/bootstrap.min.css]
[maxcdn.bootstrapcdn.com/bootstrap/3.3.1/css/bootstrap-theme.min.css]
[lindell.me/JsBarcode/generator/rangeslider.css]
[lindell.me/JsBarcode/generator/style.css]
[code.jquery.com/jquery-2.1.3.min.js]
[cdn.jsdelivr.net/jsbarcode/3.3.20/JsBarcode.all.min.js]
[lindell.me/JsBarcode/generator/javascripts/rangeslider.min.js]
[lindell.me/JsBarcode/generator/javascripts/jqColorPicker.min.js]
[lindell.me/JsBarcode/generator/javascripts/script.js]
[maxcdn.bootstrapcdn.com/bootstrap/3.3.1/js/bootstrap.min.js]
[s3.amazonaws.com/github/ribbons/forkme_left_darkblue_121621.png]
[www.google-analytics.com/analytics.js]
[lindell.me/JsBarcode/generator/index.html]
[maxcdn.bootstrapcdn.com/font-awesome/4.2.0/css/font-awesome.min.css]
[maxcdn.bootstrapcdn.com/bootstrap/3.3.1/css/bootstrap.min.css]
[maxcdn.bootstrapcdn.com/bootstrap/3.3.1/css/bootstrap-theme.min.css]
[lindell.me/JsBarcode/generator/rangeslider.css]
[lindell.me/JsBarcode/generator/style.css]
